[debug] [2020-12-07T12:26:12.130Z] ----------------------------------------------------------------------
[debug] [2020-12-07T12:26:12.138Z] Command:       C:\Program Files\nodejs\node.exe C:\Users\Muthaiyan Mani\AppData\Roaming\npm\node_modules\firebase-tools\lib\bin\firebase.js deploy
[debug] [2020-12-07T12:26:12.138Z] CLI Version:   8.17.0
[debug] [2020-12-07T12:26:12.138Z] Platform:      win32
[debug] [2020-12-07T12:26:12.138Z] Node Version:  v12.18.3
[debug] [2020-12-07T12:26:12.146Z] Time:          Mon Dec 07 2020 17:56:12 GMT+0530 (India Standard Time)
[debug] [2020-12-07T12:26:12.146Z] ----------------------------------------------------------------------
[debug] [2020-12-07T12:26:12.146Z] 
[debug] [2020-12-07T12:26:12.150Z] >>> [apiv2][query] GET https://firebase-public.firebaseio.com/cli.json [none]
[debug] [2020-12-07T12:26:12.222Z] > command requires scopes: ["email","openid","https://www.googleapis.com/auth/cloudplatformprojects.readonly","https://www.googleapis.com/auth/firebase","https://www.googleapis.com/auth/cloud-platform"]
[debug] [2020-12-07T12:26:12.226Z] > authorizing via signed-in user
[debug] [2020-12-07T12:26:12.226Z] [iam] checking project my-netflix-03 for permissions ["firebase.projects.get","firebasehosting.sites.update"]
[debug] [2020-12-07T12:26:12.230Z] > refreshing access token with scopes: ["email","https://www.googleapis.com/auth/cloud-platform","https://www.googleapis.com/auth/cloudplatformprojects.readonly","https://www.googleapis.com/auth/firebase","openid"]
[debug] [2020-12-07T12:26:12.234Z] >>> HTTP REQUEST POST https://www.googleapis.com/oauth2/v3/token  
 <request body omitted>
[debug] [2020-12-07T12:26:20.355Z] [iam] error while checking permissions, command may fail: FirebaseError: Authentication Error: Your credentials are no longer valid. Please run firebase login --reauth

For CI servers and headless environments, generate a new token with firebase login:ci
[debug] [2020-12-07T12:26:20.359Z] > refreshing access token with scopes: ["email","https://www.googleapis.com/auth/cloud-platform","https://www.googleapis.com/auth/cloudplatformprojects.readonly","https://www.googleapis.com/auth/firebase","openid"]
[debug] [2020-12-07T12:26:20.361Z] >>> HTTP REQUEST POST https://www.googleapis.com/oauth2/v3/token  
 <request body omitted>
[debug] [2020-12-07T12:26:20.367Z] Authentication Error: Your credentials are no longer valid. Please run firebase login --reauth

For CI servers and headless environments, generate a new token with firebase login:ci
[debug] [2020-12-07T12:26:20.379Z] FirebaseError: Authentication Error: Your credentials are no longer valid. Please run firebase login --reauth

For CI servers and headless environments, generate a new token with firebase login:ci
    at Object.<anonymous> (C:\Users\Muthaiyan Mani\AppData\Roaming\npm\node_modules\firebase-tools\lib\auth.js:23:32)
    at Module._compile (internal/modules/cjs/loader.js:1137:30)
    at Object.Module._extensions..js (internal/modules/cjs/loader.js:1157:10)
    at Module.load (internal/modules/cjs/loader.js:985:32)
    at Function.Module._load (internal/modules/cjs/loader.js:878:14)
    at Module.require (internal/modules/cjs/loader.js:1025:19)
    at require (internal/modules/cjs/helpers.js:72:18)
    at Object.<anonymous> (C:\Users\Muthaiyan Mani\AppData\Roaming\npm\node_modules\firebase-tools\lib\init\features\hosting\github.js:20:16)
    at Module._compile (internal/modules/cjs/loader.js:1137:30)
    at Object.Module._extensions..js (internal/modules/cjs/loader.js:1157:10)
    at Module.load (internal/modules/cjs/loader.js:985:32)
    at Function.Module._load (internal/modules/cjs/loader.js:878:14)
    at Module.require (internal/modules/cjs/loader.js:1025:19)
    at require (internal/modules/cjs/helpers.js:72:18)
    at Object.<anonymous> (C:\Users\Muthaiyan Mani\AppData\Roaming\npm\node_modules\firebase-tools\lib\init\features\hosting\index.js:7:24)
    at Module._compile (internal/modules/cjs/loader.js:1137:30)
[error] 
[error] Error: Failed to get Firebase project my-netflix-03. Please make sure the project exists and your account has permission to access it.
